<?xml version="1.0" encoding="UTF-8"?>
<testng-results skipped="0" failed="0" total="2" passed="2">
  <reporter-output>
  </reporter-output>
  <suite name="Suite" duration-ms="177046" started-at="2016-12-13T16:18:04Z" finished-at="2016-12-13T16:21:02Z">
    <groups>
    </groups>
    <test name="Test" duration-ms="177046" started-at="2016-12-13T16:18:04Z" finished-at="2016-12-13T16:21:02Z">
      <class name="testScript.Scenario_Cart">
        <test-method status="PASS" signature="intitalSetup()[pri:0, instance:testScript.Scenario_Cart@8dacdf]" name="intitalSetup" is-config="true" duration-ms="218" started-at="2016-12-13T21:48:04Z" finished-at="2016-12-13T21:48:04Z">
          <reporter-output>
          </reporter-output>
        </test-method> <!-- intitalSetup -->
        <test-method status="PASS" signature="launch_App(java.lang.String)[pri:0, instance:testScript.Scenario_Cart@8dacdf]" name="launch_App" is-config="true" duration-ms="26937" started-at="2016-12-13T21:48:05Z" finished-at="2016-12-13T21:48:32Z">
          <params>
            <param index="0">
              <value>
                <![CDATA[firefox]]>
              </value>
            </param>
          </params>
          <reporter-output>
          </reporter-output>
        </test-method> <!-- launch_App -->
        <test-method status="PASS" signature="Add_to_cart(java.util.Map)[pri:0, instance:testScript.Scenario_Cart@8dacdf]" name="Add_to_cart" duration-ms="64063" started-at="2016-12-13T21:48:32Z" data-provider="Addtocart" finished-at="2016-12-13T21:49:36Z">
          <params>
            <param index="0">
              <value>
                <![CDATA[{Searchtext=flood and fire, Execute=Y, Script_id=Addtocart, TCID=TC_11, order=1.0}]]>
              </value>
            </param>
          </params>
          <reporter-output>
          </reporter-output>
        </test-method> <!-- Add_to_cart -->
        <test-method status="PASS" signature="teardown()[pri:0, instance:testScript.Scenario_Cart@8dacdf]" name="teardown" is-config="true" duration-ms="317" started-at="2016-12-13T21:49:36Z" finished-at="2016-12-13T21:49:36Z">
          <reporter-output>
          </reporter-output>
        </test-method> <!-- teardown -->
        <test-method status="PASS" signature="launch_App(java.lang.String)[pri:0, instance:testScript.Scenario_Cart@8dacdf]" name="launch_App" is-config="true" duration-ms="45076" started-at="2016-12-13T21:49:36Z" finished-at="2016-12-13T21:50:21Z">
          <params>
            <param index="0">
              <value>
                <![CDATA[firefox]]>
              </value>
            </param>
          </params>
          <reporter-output>
          </reporter-output>
        </test-method> <!-- launch_App -->
        <test-method status="PASS" signature="hola()[pri:0, instance:testScript.Scenario_Cart@8dacdf]" name="hola" duration-ms="40002" started-at="2016-12-13T21:50:21Z" finished-at="2016-12-13T21:51:01Z">
          <reporter-output>
          </reporter-output>
        </test-method> <!-- hola -->
        <test-method status="PASS" signature="teardown()[pri:0, instance:testScript.Scenario_Cart@8dacdf]" name="teardown" is-config="true" duration-ms="55" started-at="2016-12-13T21:51:01Z" finished-at="2016-12-13T21:51:02Z">
          <reporter-output>
          </reporter-output>
        </test-method> <!-- teardown -->
      </class> <!-- testScript.Scenario_Cart -->
    </test> <!-- Test -->
  </suite> <!-- Suite -->
</testng-results>
